<?xml version="1.0" encoding="UTF-8"?>
<!-- Generated by org.testng.reporters.JUnitReportReporter -->
<testsuite hostname="LTIN521670" failures="0" tests="2" name="Finding_Hospitals.TestNG_3" time="0.004" errors="0" timestamp="2025-01-16T14:17:16 IST" skipped="0">
  <testcase classname="Finding_Hospitals.TestNG_3" name="search" time="0.004"/>
  <system-out/>
  <testcase classname="Finding_Hospitals.TestNG_3" name="adv_search" time="0.000"/>
  <system-out/>
</testsuite> <!-- Finding_Hospitals.TestNG_3 -->
