<?xml version="1.0" encoding="UTF-8"?>
<!-- Generated by org.testng.reporters.JUnitReportReporter -->
<testsuite hostname="LTIN521670" failures="0" tests="3" name="Finding_Hospitals.Rgh1" time="13.414" errors="0" timestamp="2025-01-17T10:38:30 IST" skipped="0">
  <testcase classname="Finding_Hospitals.Rgh1" name="openApp" time="10.072"/>
  <system-out/>
  <testcase classname="Finding_Hospitals.Rgh1" name="loginApp" time="1.276"/>
  <system-out/>
  <testcase classname="Finding_Hospitals.Rgh1" name="logoutApp" time="2.066"/>
  <system-out/>
</testsuite> <!-- Finding_Hospitals.Rgh1 -->
