<?xml version="1.0" encoding="UTF-8"?>
<!-- Generated by org.testng.reporters.JUnitReportReporter -->
<testsuite hostname="LTIN521670" failures="0" tests="4" name="Finding_Hospitals.TestNG_8" time="4.142" errors="0" timestamp="2025-01-20T14:16:10 IST" skipped="0">
  <testcase classname="Finding_Hospitals.TestNG_8" name="banner" time="2.051"/>
  <system-out/>
  <testcase classname="Finding_Hospitals.TestNG_8" name="banner" time="2.051"/>
  <system-out/>
  <testcase classname="Finding_Hospitals.TestNG_8" name="title" time="0.023"/>
  <system-out/>
  <testcase classname="Finding_Hospitals.TestNG_8" name="title" time="0.017"/>
  <system-out/>
</testsuite> <!-- Finding_Hospitals.TestNG_8 -->
