<?xml version="1.0" encoding="UTF-8"?>
<!-- Generated by org.testng.reporters.JUnitReportReporter -->
<testsuite hostname="LTIN521670" failures="0" tests="1" name="POM_Tut.TestPage" time="2.274" errors="0" timestamp="2025-01-23T13:06:57 IST" skipped="0">
  <testcase classname="POM_Tut.TestPage" name="loginPage" time="2.274"/>
  <system-out/>
</testsuite> <!-- POM_Tut.TestPage -->
