<?xml version="1.0" encoding="UTF-8"?>
<!-- Generated by org.testng.reporters.JUnitReportReporter -->
<testsuite hostname="LTIN521670" failures="0" tests="4" name="TestNG.TestNG_8" time="4.111" errors="0" timestamp="2025-01-20T15:29:00 IST" skipped="0">
  <testcase classname="TestNG.TestNG_8" name="banner" time="2.047"/>
  <system-out/>
  <testcase classname="TestNG.TestNG_8" name="banner" time="2.038"/>
  <system-out/>
  <testcase classname="TestNG.TestNG_8" name="title" time="0.012"/>
  <system-out/>
  <testcase classname="TestNG.TestNG_8" name="title" time="0.014"/>
  <system-out/>
</testsuite> <!-- TestNG.TestNG_8 -->
