<?xml version="1.0" encoding="UTF-8"?>
<!-- Generated by org.testng.reporters.JUnitReportReporter -->
<testsuite hostname="LTIN521670" failures="0" tests="1" name="LowestCharges.TC_2_Gift_Card" time="9.960" errors="0" timestamp="2025-02-03T11:36:14 IST" skipped="0">
  <testcase classname="LowestCharges.TC_2_Gift_Card" name="gift_card" time="9.960"/>
  <system-out/>
</testsuite> <!-- LowestCharges.TC_2_Gift_Card -->
