<?xml version="1.0" encoding="UTF-8"?>
<!-- Generated by org.testng.reporters.JUnitReportReporter -->
<testsuite hostname="LTIN521670" failures="0" tests="1" name="LowestCharges.TC_3_Hotel_Booking" time="3.997" errors="0" timestamp="2025-01-27T11:14:33 IST" skipped="0">
  <testcase classname="LowestCharges.TC_3_Hotel_Booking" name="hotel" time="3.997"/>
  <system-out/>
</testsuite> <!-- LowestCharges.TC_3_Hotel_Booking -->
