<?xml version="1.0" encoding="UTF-8"?>
<!-- Generated by org.testng.reporters.JUnitReportReporter -->
<testsuite hostname="LTIN521670" failures="0" tests="1" name="LowestCharges.TC_1_Book_Cab" time="21.886" errors="0" timestamp="2025-01-29T10:32:06 IST" skipped="0">
  <testcase classname="LowestCharges.TC_1_Book_Cab" name="bookCab" time="21.886"/>
  <system-out/>
</testsuite> <!-- LowestCharges.TC_1_Book_Cab -->
