<?xml version="1.0" encoding="UTF-8"?>
<!-- Generated by org.testng.reporters.JUnitReportReporter -->
<testsuite hostname="LTIN521670" failures="0" tests="3" name="Finding_Hospitals.TestNG_1" time="0.008" errors="0" timestamp="2025-01-16T09:21:28 IST" skipped="0">
  <testcase classname="Finding_Hospitals.TestNG_1" name="openApp" time="0.007"/>
  <system-out/>
  <testcase classname="Finding_Hospitals.TestNG_1" name="login" time="0.001"/>
  <system-out/>
  <testcase classname="Finding_Hospitals.TestNG_1" name="logout" time="0.000"/>
  <system-out/>
</testsuite> <!-- Finding_Hospitals.TestNG_1 -->
